<?xml version="1.0" encoding="UTF-8" ?>
<testsuite tests="3" failures="3" name="Array_dealTest" time="0.017" errors="0" skipped="0">
  <properties>
[...]
</properties>
  <testcase classname="Array_dealTest" name="Array_dealTest.testPrintarray" time="0.016">
    <failure message="org/junit/Assert" type="java.lang.NoClassDefFoundError">java.lang.NoClassDefFoundError: org/junit/Assert
	at Array_dealTest.testPrintarray(Array_dealTest.java:16)
Caused by: java.lang.ClassNotFoundException: org.junit.Assert
	at java.base/jdk.internal.loader.BuiltinClassLoader.loadClass(BuiltinClassLoader.java:602)
	at java.base/jdk.internal.loader.ClassLoaders$AppClassLoader.loadClass(ClassLoaders.java:178)
	at java.base/java.lang.ClassLoader.loadClass(ClassLoader.java:522)
	... 19 more
</failure>
  </testcase>
  <testcase classname="Array_dealTest" name="Array_dealTest.testFind_num_500" time="0">
    <failure message="org/junit/Assert" type="java.lang.NoClassDefFoundError">java.lang.NoClassDefFoundError: org/junit/Assert
	at Array_dealTest.testFind_num_500(Array_dealTest.java:30)
</failure>
  </testcase>
  <testcase classname="Array_dealTest" name="Array_dealTest.testFix_array" time="0.001">
    <failure message="org/junit/Assert" type="java.lang.NoClassDefFoundError">java.lang.NoClassDefFoundError: org/junit/Assert
	at Array_dealTest.testFix_array(Array_dealTest.java:44)
</failure>
    <system-out>已修改第二项
已修改第二项
</system-out>
  </testcase>
</testsuite>